{"name": "test_selectCars[firefox-Toyota-Toyota Cars]", "status": "broken", "statusDetails": {"message": "selenium.common.exceptions.NoSuchElementException: Message: Unable to locate element: //div[contains(text(),'Find New Cars')]\nStacktrace:\nRemoteError@chrome://remote/content/shared/RemoteError.sys.mjs:8:8\nWebDriverError@chrome://remote/content/shared/webdriver/Errors.sys.mjs:183:5\nNoSuchElementError@chrome://remote/content/shared/webdriver/Errors.sys.mjs:395:5\nelement.find/</<@chrome://remote/content/marionette/element.sys.mjs:134:16", "trace": "self = <Testcases.test_carwale.Test_CarWale object at 0x000001CDE64774F0>\ncarBrand = 'Toyota', carTitle = 'Toyota Cars'\n\n    @pytest.mark.parametrize(\"carBrand,carTitle\",\n                             dataProvider.get_data(\"NewCarsTest\"))\n    def test_selectCars(self, carBrand,carTitle):\n        log.logger.info(\"******Inside Select Cars Test*********\")\n        home = HomePage(self.driver)\n        car = CarBase(self.driver)\n    \n        print(\"Car brand is : \",carBrand)\n        if carBrand == \"BMW\":\n           home.gotoNewCars().selectBMW()\n           title = car.getCarTitle()\n           print(\"Car Title is : \"+title)\n           assert title == carTitle, \"Not on the correct page as title is not matching\"\n        elif carBrand == \"Hyundai\":\n           home.gotoNewCars().selectHyundai()\n           title = car.getCarTitle()\n           print(\"Car Title is : \" + title)\n           assert title == carTitle, \"Not on the correct page as title is not matching\"\n        elif carBrand == \"Honda\":\n           home.gotoNewCars().selectHonda()\n           title = car.getCarTitle()\n           print(\"Car Title is : \" + title)\n           assert title == carTitle, \"Not on the correct page as title is not matching\"\n        elif carBrand == \"Toyota\":\n>          home.gotoNewCars().selectToyota()\n\ntest_carwale.py:51: \n_ _ _ _ _ _ _ _ _ _ _ _ _ _ _ _ _ _ _ _ _ _ _ _ _ _ _ _ _ _ _ _ _ _ _ _ _ _ _ _\n..\\Pages\\HomePage.py:13: in gotoNewCars\n    self.click(\"findNewCars_XPATH\")\n..\\Pages\\BasePage.py:18: in click\n    self.driver.find_element_by_xpath(configReader.readConfig(\"locators\", locator)).click()\n..\\..\\..\\appdata\\local\\programs\\python\\python39\\lib\\site-packages\\selenium\\webdriver\\remote\\webdriver.py:514: in find_element_by_xpath\n    return self.find_element(by=By.XPATH, value=xpath)\n..\\..\\..\\appdata\\local\\programs\\python\\python39\\lib\\site-packages\\selenium\\webdriver\\remote\\webdriver.py:1238: in find_element\n    return self.execute(Command.FIND_ELEMENT, {\n..\\..\\..\\appdata\\local\\programs\\python\\python39\\lib\\site-packages\\selenium\\webdriver\\remote\\webdriver.py:418: in execute\n    self.error_handler.check_response(response)\n_ _ _ _ _ _ _ _ _ _ _ _ _ _ _ _ _ _ _ _ _ _ _ _ _ _ _ _ _ _ _ _ _ _ _ _ _ _ _ _\n\nself = <selenium.webdriver.remote.errorhandler.ErrorHandler object at 0x000001CDE654BEE0>\nresponse = {'status': 404, 'value': '{\"value\":{\"error\":\"no such element\",\"message\":\"Unable to locate element: //div[contains(text...red/webdriver/Errors.sys.mjs:395:5\\\\nelement.find/</<@chrome://remote/content/marionette/element.sys.mjs:134:16\\\\n\"}}'}\n\n    def check_response(self, response: Dict[str, Any]) -> None:\n        \"\"\"\n        Checks that a JSON response from the WebDriver does not have an error.\n    \n        :Args:\n         - response - The JSON response from the WebDriver server as a dictionary\n           object.\n    \n        :Raises: If the response contains an error message.\n        \"\"\"\n        status = response.get('status', None)\n        if not status or status == ErrorCode.SUCCESS:\n            return\n        value = None\n        message = response.get(\"message\", \"\")\n        screen: str = response.get(\"screen\", \"\")\n        stacktrace = None\n        if isinstance(status, int):\n            value_json = response.get('value', None)\n            if value_json and isinstance(value_json, str):\n                import json\n                try:\n                    value = json.loads(value_json)\n                    if len(value.keys()) == 1:\n                        value = value['value']\n                    status = value.get('error', None)\n                    if not status:\n                        status = value.get(\"status\", ErrorCode.UNKNOWN_ERROR)\n                        message = value.get(\"value\") or value.get(\"message\")\n                        if not isinstance(message, str):\n                            value = message\n                            message = message.get('message')\n                    else:\n                        message = value.get('message', None)\n                except ValueError:\n                    pass\n    \n        exception_class: Type[WebDriverException]\n        if status in ErrorCode.NO_SUCH_ELEMENT:\n            exception_class = NoSuchElementException\n        elif status in ErrorCode.NO_SUCH_FRAME:\n            exception_class = NoSuchFrameException\n        elif status in ErrorCode.NO_SUCH_WINDOW:\n            exception_class = NoSuchWindowException\n        elif status in ErrorCode.STALE_ELEMENT_REFERENCE:\n            exception_class = StaleElementReferenceException\n        elif status in ErrorCode.ELEMENT_NOT_VISIBLE:\n            exception_class = ElementNotVisibleException\n        elif status in ErrorCode.INVALID_ELEMENT_STATE:\n            exception_class = InvalidElementStateException\n        elif status in ErrorCode.INVALID_SELECTOR \\\n                or status in ErrorCode.INVALID_XPATH_SELECTOR \\\n                or status in ErrorCode.INVALID_XPATH_SELECTOR_RETURN_TYPER:\n            exception_class = InvalidSelectorException\n        elif status in ErrorCode.ELEMENT_IS_NOT_SELECTABLE:\n            exception_class = ElementNotSelectableException\n        elif status in ErrorCode.ELEMENT_NOT_INTERACTABLE:\n            exception_class = ElementNotInteractableException\n        elif status in ErrorCode.INVALID_COOKIE_DOMAIN:\n            exception_class = InvalidCookieDomainException\n        elif status in ErrorCode.UNABLE_TO_SET_COOKIE:\n            exception_class = UnableToSetCookieException\n        elif status in ErrorCode.TIMEOUT:\n            exception_class = TimeoutException\n        elif status in ErrorCode.SCRIPT_TIMEOUT:\n            exception_class = TimeoutException\n        elif status in ErrorCode.UNKNOWN_ERROR:\n            exception_class = WebDriverException\n        elif status in ErrorCode.UNEXPECTED_ALERT_OPEN:\n            exception_class = UnexpectedAlertPresentException\n        elif status in ErrorCode.NO_ALERT_OPEN:\n            exception_class = NoAlertPresentException\n        elif status in ErrorCode.IME_NOT_AVAILABLE:\n            exception_class = ImeNotAvailableException\n        elif status in ErrorCode.IME_ENGINE_ACTIVATION_FAILED:\n            exception_class = ImeActivationFailedException\n        elif status in ErrorCode.MOVE_TARGET_OUT_OF_BOUNDS:\n            exception_class = MoveTargetOutOfBoundsException\n        elif status in ErrorCode.JAVASCRIPT_ERROR:\n            exception_class = JavascriptException\n        elif status in ErrorCode.SESSION_NOT_CREATED:\n            exception_class = SessionNotCreatedException\n        elif status in ErrorCode.INVALID_ARGUMENT:\n            exception_class = InvalidArgumentException\n        elif status in ErrorCode.NO_SUCH_COOKIE:\n            exception_class = NoSuchCookieException\n        elif status in ErrorCode.UNABLE_TO_CAPTURE_SCREEN:\n            exception_class = ScreenshotException\n        elif status in ErrorCode.ELEMENT_CLICK_INTERCEPTED:\n            exception_class = ElementClickInterceptedException\n        elif status in ErrorCode.INSECURE_CERTIFICATE:\n            exception_class = InsecureCertificateException\n        elif status in ErrorCode.INVALID_COORDINATES:\n            exception_class = InvalidCoordinatesException\n        elif status in ErrorCode.INVALID_SESSION_ID:\n            exception_class = InvalidSessionIdException\n        elif status in ErrorCode.UNKNOWN_METHOD:\n            exception_class = UnknownMethodException\n        else:\n            exception_class = WebDriverException\n        if not value:\n            value = response['value']\n        if isinstance(value, str):\n            raise exception_class(value)\n        if message == \"\" and 'message' in value:\n            message = value['message']\n    \n        screen = None  # type: ignore[assignment]\n        if 'screen' in value:\n            screen = value['screen']\n    \n        stacktrace = None\n        st_value = value.get('stackTrace') or value.get('stacktrace')\n        if st_value:\n            if isinstance(st_value, str):\n                stacktrace = st_value.split('\\n')\n            else:\n                stacktrace = []\n                try:\n                    for frame in st_value:\n                        line = self._value_or_default(frame, 'lineNumber', '')\n                        file = self._value_or_default(frame, 'fileName', '<anonymous>')\n                        if line:\n                            file = \"%s:%s\" % (file, line)\n                        meth = self._value_or_default(frame, 'methodName', '<anonymous>')\n                        if 'className' in frame:\n                            meth = \"%s.%s\" % (frame['className'], meth)\n                        msg = \"    at %s (%s)\"\n                        msg = msg % (meth, file)\n                        stacktrace.append(msg)\n                except TypeError:\n                    pass\n        if exception_class == UnexpectedAlertPresentException:\n            alert_text = None\n            if 'data' in value:\n                alert_text = value['data'].get('text')\n            elif 'alert' in value:\n                alert_text = value['alert'].get('text')\n            raise exception_class(message, screen, stacktrace, alert_text)  # type: ignore[call-arg]  # mypy is not smart enough here\n>       raise exception_class(message, screen, stacktrace)\nE       selenium.common.exceptions.NoSuchElementException: Message: Unable to locate element: //div[contains(text(),'Find New Cars')]\nE       Stacktrace:\nE       RemoteError@chrome://remote/content/shared/RemoteError.sys.mjs:8:8\nE       WebDriverError@chrome://remote/content/shared/webdriver/Errors.sys.mjs:183:5\nE       NoSuchElementError@chrome://remote/content/shared/webdriver/Errors.sys.mjs:395:5\nE       element.find/</<@chrome://remote/content/marionette/element.sys.mjs:134:16\n\n..\\..\\..\\appdata\\local\\programs\\python\\python39\\lib\\site-packages\\selenium\\webdriver\\remote\\errorhandler.py:243: NoSuchElementException"}, "attachments": [{"name": "log", "source": "40d8ec4f-d402-435b-8934-60286371a9ab-attachment.txt", "type": "text/plain"}, {"name": "stdout", "source": "29ef5d6f-482d-4f70-b4db-79ffc8526912-attachment.txt", "type": "text/plain"}, {"name": "stderr", "source": "26b89579-5226-4244-9ffe-ee651c045a89-attachment.txt", "type": "text/plain"}], "parameters": [{"name": "get_browser", "value": "'firefox'"}, {"name": "carBrand", "value": "'Toyota'"}, {"name": "carTitle", "value": "'Toyota Cars'"}], "start": 1689269147364, "stop": 1689269157682, "uuid": "e4f5c3be-8a4e-41cb-9c9f-b819b421eb6a", "historyId": "a5fe12acca8025a8736b007f15177d4e", "testCaseId": "7d9050453d56b8604f0c8581cd52d7c0", "fullName": "test_carwale.Test_CarWale#test_selectCars", "labels": [{"name": "tag", "value": "@pytest.mark.usefixtures('log_on_failure', 'get_browser')"}, {"name": "suite", "value": "test_carwale"}, {"name": "subSuite", "value": "Test_CarWale"}, {"name": "host", "value": "LAPTOP-255FKNLH"}, {"name": "thread", "value": "12428-MainThread"}, {"name": "framework", "value": "pytest"}, {"name": "language", "value": "cpython3"}, {"name": "package", "value": "test_carwale"}]}